{"/home/progrmadorwl/workspace/wltech/cash/src/components/form/button/index.tsx": {"path":"/home/progrmadorwl/workspace/wltech/cash/src/components/form/button/index.tsx","statementMap":{"0":{"start":{"line":18,"column":2},"end":{"line":28,"column":4}}},"fnMap":{"0":{"name":"Button","decl":{"start":{"line":9,"column":9},"end":{"line":9,"column":15}},"loc":{"start":{"line":17,"column":16},"end":{"line":29,"column":1}},"line":17}},"branchMap":{"0":{"loc":{"start":{"line":11,"column":2},"end":{"line":11,"column":13}},"type":"default-arg","locations":[{"start":{"line":11,"column":11},"end":{"line":11,"column":13}}],"line":11}},"s":{"0":1},"f":{"0":1},"b":{"0":[0]},"_coverageSchema":"1a1c01bbd47fc00a2c39e90264f33305004495a9","hash":"5dc603d04df7ad381bdbae99072be61001f47c25"}
,"/home/progrmadorwl/workspace/wltech/cash/src/components/form/button/styles.tsx": {"path":"/home/progrmadorwl/workspace/wltech/cash/src/components/form/button/styles.tsx","statementMap":{"0":{"start":{"line":6,"column":18},"end":{"line":19,"column":1}},"1":{"start":{"line":7,"column":25},"end":{"line":7,"column":55}},"2":{"start":{"line":8,"column":27},"end":{"line":8,"column":59}},"3":{"start":{"line":10,"column":4},"end":{"line":10,"column":30}},"4":{"start":{"line":16,"column":45},"end":{"line":16,"column":67}},"5":{"start":{"line":17,"column":34},"end":{"line":17,"column":70}}},"fnMap":{"0":{"name":"(anonymous_0)","decl":{"start":{"line":7,"column":11},"end":{"line":7,"column":12}},"loc":{"start":{"line":7,"column":25},"end":{"line":7,"column":55}},"line":7},"1":{"name":"(anonymous_1)","decl":{"start":{"line":8,"column":12},"end":{"line":8,"column":13}},"loc":{"start":{"line":8,"column":27},"end":{"line":8,"column":59}},"line":8},"2":{"name":"(anonymous_2)","decl":{"start":{"line":9,"column":22},"end":{"line":9,"column":23}},"loc":{"start":{"line":10,"column":4},"end":{"line":10,"column":30}},"line":10},"3":{"name":"(anonymous_3)","decl":{"start":{"line":16,"column":18},"end":{"line":16,"column":19}},"loc":{"start":{"line":16,"column":45},"end":{"line":16,"column":67}},"line":16},"4":{"name":"(anonymous_4)","decl":{"start":{"line":17,"column":12},"end":{"line":17,"column":13}},"loc":{"start":{"line":17,"column":34},"end":{"line":17,"column":70}},"line":17}},"branchMap":{"0":{"loc":{"start":{"line":7,"column":25},"end":{"line":7,"column":55}},"type":"cond-expr","locations":[{"start":{"line":7,"column":33},"end":{"line":7,"column":46}},{"start":{"line":7,"column":49},"end":{"line":7,"column":55}}],"line":7},"1":{"loc":{"start":{"line":8,"column":27},"end":{"line":8,"column":59}},"type":"cond-expr","locations":[{"start":{"line":8,"column":36},"end":{"line":8,"column":50}},{"start":{"line":8,"column":53},"end":{"line":8,"column":59}}],"line":8},"2":{"loc":{"start":{"line":10,"column":4},"end":{"line":10,"column":30}},"type":"binary-expr","locations":[{"start":{"line":10,"column":4},"end":{"line":10,"column":20}},{"start":{"line":10,"column":24},"end":{"line":10,"column":30}}],"line":10},"3":{"loc":{"start":{"line":16,"column":45},"end":{"line":16,"column":67}},"type":"binary-expr","locations":[{"start":{"line":16,"column":45},"end":{"line":16,"column":57}},{"start":{"line":16,"column":61},"end":{"line":16,"column":67}}],"line":16},"4":{"loc":{"start":{"line":17,"column":34},"end":{"line":17,"column":70}},"type":"cond-expr","locations":[{"start":{"line":17,"column":43},"end":{"line":17,"column":56}},{"start":{"line":17,"column":59},"end":{"line":17,"column":70}}],"line":17}},"s":{"0":1,"1":1,"2":1,"3":1,"4":1,"5":1},"f":{"0":1,"1":1,"2":1,"3":1,"4":1},"b":{"0":[1,0],"1":[1,0],"2":[1,0],"3":[1,1],"4":[0,1]},"_coverageSchema":"1a1c01bbd47fc00a2c39e90264f33305004495a9","hash":"b293fed502975c409f9eedacc4befdf2a986a81a"}
,"/home/progrmadorwl/workspace/wltech/cash/src/components/text/index.tsx": {"path":"/home/progrmadorwl/workspace/wltech/cash/src/components/text/index.tsx","statementMap":{"0":{"start":{"line":8,"column":13},"end":{"line":41,"column":1}},"1":{"start":{"line":24,"column":2},"end":{"line":40,"column":15}}},"fnMap":{"0":{"name":"(anonymous_0)","decl":{"start":{"line":8,"column":13},"end":{"line":8,"column":14}},"loc":{"start":{"line":24,"column":2},"end":{"line":40,"column":15}},"line":24}},"branchMap":{},"s":{"0":2,"1":3},"f":{"0":3},"b":{},"_coverageSchema":"1a1c01bbd47fc00a2c39e90264f33305004495a9","hash":"cd223604ffea24e7ce235ece3d5119de215b836e"}
,"/home/progrmadorwl/workspace/wltech/cash/src/components/text/styles.ts": {"path":"/home/progrmadorwl/workspace/wltech/cash/src/components/text/styles.ts","statementMap":{"0":{"start":{"line":8,"column":19},"end":{"line":26,"column":1}},"1":{"start":{"line":9,"column":29},"end":{"line":9,"column":44}},"2":{"start":{"line":10,"column":32},"end":{"line":10,"column":43}},"3":{"start":{"line":11,"column":35},"end":{"line":11,"column":46}},"4":{"start":{"line":12,"column":45},"end":{"line":12,"column":50}},"5":{"start":{"line":13,"column":35},"end":{"line":13,"column":41}},"6":{"start":{"line":14,"column":39},"end":{"line":14,"column":58}},"7":{"start":{"line":15,"column":37},"end":{"line":15,"column":53}},"8":{"start":{"line":16,"column":48},"end":{"line":16,"column":69}},"9":{"start":{"line":17,"column":42},"end":{"line":17,"column":60}},"10":{"start":{"line":18,"column":44},"end":{"line":18,"column":63}},"11":{"start":{"line":19,"column":46},"end":{"line":19,"column":66}},"12":{"start":{"line":20,"column":44},"end":{"line":20,"column":50}},"13":{"start":{"line":21,"column":41},"end":{"line":21,"column":77}},"14":{"start":{"line":22,"column":53},"end":{"line":22,"column":77}},"15":{"start":{"line":24,"column":4},"end":{"line":24,"column":26}},"16":{"start":{"line":25,"column":47},"end":{"line":25,"column":68}}},"fnMap":{"0":{"name":"(anonymous_0)","decl":{"start":{"line":9,"column":11},"end":{"line":9,"column":12}},"loc":{"start":{"line":9,"column":29},"end":{"line":9,"column":44}},"line":9},"1":{"name":"(anonymous_1)","decl":{"start":{"line":10,"column":15},"end":{"line":10,"column":16}},"loc":{"start":{"line":10,"column":32},"end":{"line":10,"column":43}},"line":10},"2":{"name":"(anonymous_2)","decl":{"start":{"line":11,"column":11},"end":{"line":11,"column":12}},"loc":{"start":{"line":11,"column":35},"end":{"line":11,"column":46}},"line":11},"3":{"name":"(anonymous_3)","decl":{"start":{"line":12,"column":16},"end":{"line":12,"column":17}},"loc":{"start":{"line":12,"column":45},"end":{"line":12,"column":50}},"line":12},"4":{"name":"(anonymous_4)","decl":{"start":{"line":13,"column":12},"end":{"line":13,"column":13}},"loc":{"start":{"line":13,"column":35},"end":{"line":13,"column":41}},"line":13},"5":{"name":"(anonymous_5)","decl":{"start":{"line":14,"column":17},"end":{"line":14,"column":18}},"loc":{"start":{"line":14,"column":39},"end":{"line":14,"column":58}},"line":14},"6":{"name":"(anonymous_6)","decl":{"start":{"line":15,"column":13},"end":{"line":15,"column":14}},"loc":{"start":{"line":15,"column":37},"end":{"line":15,"column":53}},"line":15},"7":{"name":"(anonymous_7)","decl":{"start":{"line":16,"column":19},"end":{"line":16,"column":20}},"loc":{"start":{"line":16,"column":48},"end":{"line":16,"column":69}},"line":16},"8":{"name":"(anonymous_8)","decl":{"start":{"line":17,"column":16},"end":{"line":17,"column":17}},"loc":{"start":{"line":17,"column":42},"end":{"line":17,"column":60}},"line":17},"9":{"name":"(anonymous_9)","decl":{"start":{"line":18,"column":17},"end":{"line":18,"column":18}},"loc":{"start":{"line":18,"column":44},"end":{"line":18,"column":63}},"line":18},"10":{"name":"(anonymous_10)","decl":{"start":{"line":19,"column":18},"end":{"line":19,"column":19}},"loc":{"start":{"line":19,"column":46},"end":{"line":19,"column":66}},"line":19},"11":{"name":"(anonymous_11)","decl":{"start":{"line":20,"column":17},"end":{"line":20,"column":18}},"loc":{"start":{"line":20,"column":44},"end":{"line":20,"column":50}},"line":20},"12":{"name":"(anonymous_12)","decl":{"start":{"line":21,"column":17},"end":{"line":21,"column":18}},"loc":{"start":{"line":21,"column":41},"end":{"line":21,"column":77}},"line":21},"13":{"name":"(anonymous_13)","decl":{"start":{"line":22,"column":26},"end":{"line":22,"column":27}},"loc":{"start":{"line":22,"column":53},"end":{"line":22,"column":77}},"line":22},"14":{"name":"(anonymous_14)","decl":{"start":{"line":23,"column":20},"end":{"line":23,"column":21}},"loc":{"start":{"line":24,"column":4},"end":{"line":24,"column":26}},"line":24},"15":{"name":"(anonymous_15)","decl":{"start":{"line":25,"column":17},"end":{"line":25,"column":18}},"loc":{"start":{"line":25,"column":47},"end":{"line":25,"column":68}},"line":25}},"branchMap":{"0":{"loc":{"start":{"line":9,"column":29},"end":{"line":9,"column":44}},"type":"binary-expr","locations":[{"start":{"line":9,"column":29},"end":{"line":9,"column":34}},{"start":{"line":9,"column":38},"end":{"line":9,"column":44}}],"line":9},"1":{"loc":{"start":{"line":10,"column":17},"end":{"line":10,"column":26}},"type":"default-arg","locations":[{"start":{"line":10,"column":24},"end":{"line":10,"column":26}}],"line":10},"2":{"loc":{"start":{"line":11,"column":13},"end":{"line":11,"column":24}},"type":"default-arg","locations":[{"start":{"line":11,"column":21},"end":{"line":11,"column":24}}],"line":11},"3":{"loc":{"start":{"line":12,"column":18},"end":{"line":12,"column":34}},"type":"default-arg","locations":[{"start":{"line":12,"column":26},"end":{"line":12,"column":34}}],"line":12},"4":{"loc":{"start":{"line":13,"column":14},"end":{"line":13,"column":24}},"type":"default-arg","locations":[{"start":{"line":13,"column":23},"end":{"line":13,"column":24}}],"line":13},"5":{"loc":{"start":{"line":14,"column":19},"end":{"line":14,"column":28}},"type":"default-arg","locations":[{"start":{"line":14,"column":26},"end":{"line":14,"column":28}}],"line":14},"6":{"loc":{"start":{"line":15,"column":15},"end":{"line":15,"column":26}},"type":"default-arg","locations":[{"start":{"line":15,"column":25},"end":{"line":15,"column":26}}],"line":15},"7":{"loc":{"start":{"line":16,"column":21},"end":{"line":16,"column":37}},"type":"default-arg","locations":[{"start":{"line":16,"column":36},"end":{"line":16,"column":37}}],"line":16},"8":{"loc":{"start":{"line":17,"column":18},"end":{"line":17,"column":31}},"type":"default-arg","locations":[{"start":{"line":17,"column":30},"end":{"line":17,"column":31}}],"line":17},"9":{"loc":{"start":{"line":18,"column":19},"end":{"line":18,"column":33}},"type":"default-arg","locations":[{"start":{"line":18,"column":32},"end":{"line":18,"column":33}}],"line":18},"10":{"loc":{"start":{"line":19,"column":20},"end":{"line":19,"column":35}},"type":"default-arg","locations":[{"start":{"line":19,"column":34},"end":{"line":19,"column":35}}],"line":19},"11":{"loc":{"start":{"line":20,"column":19},"end":{"line":20,"column":33}},"type":"default-arg","locations":[{"start":{"line":20,"column":28},"end":{"line":20,"column":33}}],"line":20},"12":{"loc":{"start":{"line":21,"column":41},"end":{"line":21,"column":77}},"type":"cond-expr","locations":[{"start":{"line":21,"column":54},"end":{"line":21,"column":64}},{"start":{"line":21,"column":67},"end":{"line":21,"column":77}}],"line":21},"13":{"loc":{"start":{"line":22,"column":53},"end":{"line":22,"column":77}},"type":"binary-expr","locations":[{"start":{"line":22,"column":53},"end":{"line":22,"column":67}},{"start":{"line":22,"column":71},"end":{"line":22,"column":77}}],"line":22},"14":{"loc":{"start":{"line":23,"column":22},"end":{"line":23,"column":39}},"type":"default-arg","locations":[{"start":{"line":23,"column":38},"end":{"line":23,"column":39}}],"line":23},"15":{"loc":{"start":{"line":25,"column":19},"end":{"line":25,"column":36}},"type":"default-arg","locations":[{"start":{"line":25,"column":34},"end":{"line":25,"column":36}}],"line":25}},"s":{"0":2,"1":3,"2":3,"3":3,"4":3,"5":3,"6":3,"7":3,"8":3,"9":3,"10":3,"11":3,"12":3,"13":3,"14":3,"15":3,"16":3},"f":{"0":3,"1":3,"2":3,"3":3,"4":3,"5":3,"6":3,"7":3,"8":3,"9":3,"10":3,"11":3,"12":3,"13":3,"14":3,"15":3},"b":{"0":[3,2],"1":[2],"2":[3],"3":[2],"4":[3],"5":[2],"6":[3],"7":[3],"8":[3],"9":[3],"10":[3],"11":[3],"12":[0,3],"13":[3,2],"14":[3],"15":[3]},"_coverageSchema":"1a1c01bbd47fc00a2c39e90264f33305004495a9","hash":"f5fc454b622f00eef1d200cf59b0f926d8ca1546"}
,"/home/progrmadorwl/workspace/wltech/cash/src/global/styles/theme.ts": {"path":"/home/progrmadorwl/workspace/wltech/cash/src/global/styles/theme.ts","statementMap":{},"fnMap":{},"branchMap":{},"s":{},"f":{},"b":{},"_coverageSchema":"1a1c01bbd47fc00a2c39e90264f33305004495a9","hash":"04471f11db5037a9aff5b31a244d6ef2d0dc1e2e"}
}
