TN:
SF:src/components/form/button/index.tsx
FN:9,Button
FNF:1
FNH:1
FNDA:1,Button
DA:18,1
LF:1
LH:1
BRDA:11,0,0,0
BRF:1
BRH:0
end_of_record
TN:
SF:src/components/form/button/styles.tsx
FN:7,(anonymous_0)
FN:8,(anonymous_1)
FN:9,(anonymous_2)
FN:16,(anonymous_3)
FN:17,(anonymous_4)
FNF:5
FNH:5
FNDA:1,(anonymous_0)
FNDA:1,(anonymous_1)
FNDA:1,(anonymous_2)
FNDA:1,(anonymous_3)
FNDA:1,(anonymous_4)
DA:6,1
DA:7,1
DA:8,1
DA:10,1
DA:16,1
DA:17,1
LF:6
LH:6
BRDA:7,0,0,1
BRDA:7,0,1,0
BRDA:8,1,0,1
BRDA:8,1,1,0
BRDA:10,2,0,1
BRDA:10,2,1,0
BRDA:16,3,0,1
BRDA:16,3,1,1
BRDA:17,4,0,0
BRDA:17,4,1,1
BRF:10
BRH:6
end_of_record
TN:
SF:src/components/text/index.tsx
FN:8,(anonymous_0)
FNF:1
FNH:1
FNDA:3,(anonymous_0)
DA:8,2
DA:24,3
LF:2
LH:2
BRF:0
BRH:0
end_of_record
TN:
SF:src/components/text/styles.ts
FN:9,(anonymous_0)
FN:10,(anonymous_1)
FN:11,(anonymous_2)
FN:12,(anonymous_3)
FN:13,(anonymous_4)
FN:14,(anonymous_5)
FN:15,(anonymous_6)
FN:16,(anonymous_7)
FN:17,(anonymous_8)
FN:18,(anonymous_9)
FN:19,(anonymous_10)
FN:20,(anonymous_11)
FN:21,(anonymous_12)
FN:22,(anonymous_13)
FN:23,(anonymous_14)
FN:25,(anonymous_15)
FNF:16
FNH:16
FNDA:3,(anonymous_0)
FNDA:3,(anonymous_1)
FNDA:3,(anonymous_2)
FNDA:3,(anonymous_3)
FNDA:3,(anonymous_4)
FNDA:3,(anonymous_5)
FNDA:3,(anonymous_6)
FNDA:3,(anonymous_7)
FNDA:3,(anonymous_8)
FNDA:3,(anonymous_9)
FNDA:3,(anonymous_10)
FNDA:3,(anonymous_11)
FNDA:3,(anonymous_12)
FNDA:3,(anonymous_13)
FNDA:3,(anonymous_14)
FNDA:3,(anonymous_15)
DA:8,2
DA:9,3
DA:10,3
DA:11,3
DA:12,3
DA:13,3
DA:14,3
DA:15,3
DA:16,3
DA:17,3
DA:18,3
DA:19,3
DA:20,3
DA:21,3
DA:22,3
DA:24,3
DA:25,3
LF:17
LH:17
BRDA:9,0,0,3
BRDA:9,0,1,2
BRDA:10,1,0,2
BRDA:11,2,0,3
BRDA:12,3,0,2
BRDA:13,4,0,3
BRDA:14,5,0,2
BRDA:15,6,0,3
BRDA:16,7,0,3
BRDA:17,8,0,3
BRDA:18,9,0,3
BRDA:19,10,0,3
BRDA:20,11,0,3
BRDA:21,12,0,0
BRDA:21,12,1,3
BRDA:22,13,0,3
BRDA:22,13,1,2
BRDA:23,14,0,3
BRDA:25,15,0,3
BRF:19
BRH:18
end_of_record
TN:
SF:src/global/styles/theme.ts
FNF:0
FNH:0
LF:0
LH:0
BRF:0
BRH:0
end_of_record
